0 info it worked if it ends with ok
1 verbose cli [ '/usr/local/bin/node',
1 verbose cli   '/usr/local/bin/npm',
1 verbose cli   'install',
1 verbose cli   '-g',
1 verbose cli   'forever' ]
2 info using npm@2.14.7
3 info using node@v4.2.2
4 verbose install initial load of /usr/local/lib/package.json
5 verbose readDependencies loading dependencies from /usr/local/lib/package.json
6 silly cache add args [ 'forever', null ]
7 verbose cache add spec forever
8 silly cache add parsed spec Result {
8 silly cache add   raw: 'forever',
8 silly cache add   scope: null,
8 silly cache add   name: 'forever',
8 silly cache add   rawSpec: '',
8 silly cache add   spec: '*',
8 silly cache add   type: 'range' }
9 silly addNamed forever@*
10 verbose addNamed "*" is a valid semver range for forever
11 silly addNameRange { name: 'forever', range: '*', hasData: false }
12 silly mapToRegistry name forever
13 silly mapToRegistry using default registry
14 silly mapToRegistry registry https://registry.npmjs.org/
15 silly mapToRegistry uri https://registry.npmjs.org/forever
16 verbose addNameRange registry:https://registry.npmjs.org/forever not in flight; fetching
17 verbose request uri https://registry.npmjs.org/forever
18 verbose request no auth needed
19 info attempt registry request try #1 at 4:34:02 PM
20 verbose request using bearer token for auth
21 verbose request id ab0134f013406c6f
22 verbose etag "F0NKHRVUZTQ5U74R81RO82VAP"
23 http request GET https://registry.npmjs.org/forever
24 http 304 https://registry.npmjs.org/forever
25 verbose headers { 'cache-control': 'max-age=300',
25 verbose headers   'accept-ranges': 'bytes',
25 verbose headers   date: 'Wed, 20 Apr 2016 21:34:04 GMT',
25 verbose headers   via: '1.1 varnish',
25 verbose headers   connection: 'keep-alive',
25 verbose headers   'x-served-by': 'cache-iad2130-IAD',
25 verbose headers   'x-cache': 'MISS',
25 verbose headers   'x-cache-hits': '0',
25 verbose headers   'x-timer': 'S1461188044.356453,VS0,VE23',
25 verbose headers   vary: 'Accept-Encoding' }
26 silly get cb [ 304,
26 silly get   { 'cache-control': 'max-age=300',
26 silly get     'accept-ranges': 'bytes',
26 silly get     date: 'Wed, 20 Apr 2016 21:34:04 GMT',
26 silly get     via: '1.1 varnish',
26 silly get     connection: 'keep-alive',
26 silly get     'x-served-by': 'cache-iad2130-IAD',
26 silly get     'x-cache': 'MISS',
26 silly get     'x-cache-hits': '0',
26 silly get     'x-timer': 'S1461188044.356453,VS0,VE23',
26 silly get     vary: 'Accept-Encoding' } ]
27 verbose etag https://registry.npmjs.org/forever from cache
28 verbose get saving forever to /Users/jhoansebastianlara/.npm/registry.npmjs.org/forever/.cache.json
29 silly addNameRange number 2 { name: 'forever', range: '*', hasData: true }
30 silly addNameRange versions [ 'forever',
30 silly addNameRange   [ '0.6.0',
30 silly addNameRange     '0.6.1',
30 silly addNameRange     '0.6.2',
30 silly addNameRange     '0.6.3',
30 silly addNameRange     '0.6.4',
30 silly addNameRange     '0.6.5',
30 silly addNameRange     '0.6.6',
30 silly addNameRange     '0.6.7',
30 silly addNameRange     '0.6.8',
30 silly addNameRange     '0.6.9',
30 silly addNameRange     '0.7.0',
30 silly addNameRange     '0.7.1',
30 silly addNameRange     '0.7.2',
30 silly addNameRange     '0.7.3',
30 silly addNameRange     '0.7.4',
30 silly addNameRange     '0.7.5',
30 silly addNameRange     '0.8.0',
30 silly addNameRange     '0.8.1',
30 silly addNameRange     '0.8.2',
30 silly addNameRange     '0.8.3',
30 silly addNameRange     '0.8.4',
30 silly addNameRange     '0.8.5',
30 silly addNameRange     '0.9.0',
30 silly addNameRange     '0.9.1',
30 silly addNameRange     '0.9.2',
30 silly addNameRange     '0.10.0',
30 silly addNameRange     '0.10.5',
30 silly addNameRange     '0.10.6',
30 silly addNameRange     '0.10.7',
30 silly addNameRange     '0.10.8',
30 silly addNameRange     '0.10.9',
30 silly addNameRange     '0.10.10',
30 silly addNameRange     '0.10.11',
30 silly addNameRange     '0.11.0',
30 silly addNameRange     '0.11.1',
30 silly addNameRange     '0.12.0',
30 silly addNameRange     '0.13.0',
30 silly addNameRange     '0.14.1',
30 silly addNameRange     '0.14.2',
30 silly addNameRange     '0.15.0',
30 silly addNameRange     '0.15.1' ] ]
31 silly addNamed forever@0.15.1
32 verbose addNamed "0.15.1" is a plain semver version for forever
33 silly cache afterAdd forever@0.15.1
34 verbose afterAdd /Users/jhoansebastianlara/.npm/forever/0.15.1/package/package.json not in flight; writing
35 verbose afterAdd /Users/jhoansebastianlara/.npm/forever/0.15.1/package/package.json written
36 silly install resolved [ { name: 'forever',
36 silly install resolved     preferGlobal: 'true',
36 silly install resolved     description: 'A simple CLI tool for ensuring that a given node script runs continuously (i.e. forever)',
36 silly install resolved     version: '0.15.1',
36 silly install resolved     author: { name: 'Charlie Robbins', email: 'charlie.robbins@gmail.com' },
36 silly install resolved     maintainers: [ [Object], [Object], [Object], [Object], [Object] ],
36 silly install resolved     repository:
36 silly install resolved      { type: 'git',
36 silly install resolved        url: 'git+ssh://git@github.com/nodejitsu/forever.git' },
36 silly install resolved     keywords: [ 'cli', 'fault tolerant', 'sysadmin', 'tools' ],
36 silly install resolved     dependencies:
36 silly install resolved      { cliff: '~0.1.9',
36 silly install resolved        clone: '^1.0.2',
36 silly install resolved        colors: '~0.6.2',
36 silly install resolved        flatiron: '~0.4.2',
36 silly install resolved        'forever-monitor': '~1.6.0',
36 silly install resolved        nconf: '~0.6.9',
36 silly install resolved        nssocket: '~0.5.1',
36 silly install resolved        'object-assign': '^3.0.0',
36 silly install resolved        optimist: '~0.6.0',
36 silly install resolved        'path-is-absolute': '~1.0.0',
36 silly install resolved        prettyjson: '^1.1.2',
36 silly install resolved        shush: '^1.0.0',
36 silly install resolved        timespan: '~2.3.0',
36 silly install resolved        utile: '~0.2.1',
36 silly install resolved        winston: '~0.8.1' },
36 silly install resolved     devDependencies:
36 silly install resolved      { broadway: '~0.3.6',
36 silly install resolved        eventemitter2: '0.4.x',
36 silly install resolved        request: '2.x.x',
36 silly install resolved        vows: '0.7.x' },
36 silly install resolved     bin: { forever: './bin/forever' },
36 silly install resolved     main: './lib/forever',
36 silly install resolved     scripts: { test: 'vows test/**/*-test.js --spec -i' },
36 silly install resolved     engines: { node: '>= 0.8.x' },
36 silly install resolved     license: 'MIT',
36 silly install resolved     gitHead: '6c157fafe909eb555b9e73028338377b05d51f51',
36 silly install resolved     bugs: { url: 'https://github.com/nodejitsu/forever/issues' },
36 silly install resolved     homepage: 'https://github.com/nodejitsu/forever',
36 silly install resolved     _id: 'forever@0.15.1',
36 silly install resolved     _shasum: '5e4e3d4ef946bef88ddcb9cc7412e478ad19e04e',
36 silly install resolved     _from: 'forever@*',
36 silly install resolved     _npmVersion: '2.6.1',
36 silly install resolved     _nodeVersion: '0.10.40',
36 silly install resolved     _npmUser: { name: 'indexzero', email: 'charlie.robbins@gmail.com' },
36 silly install resolved     dist:
36 silly install resolved      { shasum: '5e4e3d4ef946bef88ddcb9cc7412e478ad19e04e',
36 silly install resolved        tarball: 'https://registry.npmjs.org/forever/-/forever-0.15.1.tgz' },
36 silly install resolved     directories: {},
36 silly install resolved     _resolved: 'https://registry.npmjs.org/forever/-/forever-0.15.1.tgz',
36 silly install resolved     readme: 'ERROR: No README data found!' } ]
37 info install forever@0.15.1 into /usr/local/lib
38 info installOne forever@0.15.1
39 verbose installOne of forever to /usr/local/lib not in flight; installing
40 verbose lock using /Users/jhoansebastianlara/.npm/_locks/forever-ae9c3f2b6cc23ec5.lock for /usr/local/lib/node_modules/forever
41 silly install write writing forever 0.15.1 to /usr/local/lib/node_modules/forever
42 verbose unbuild lib/node_modules/forever
43 info preuninstall forever@0.15.1
44 info uninstall forever@0.15.1
45 verbose unbuild rmStuff forever@0.15.1 from /usr/local/lib/node_modules
46 silly gentlyRm /usr/local/bin/forever is being gently removed
47 silly gentlyRm verifying /usr/local is an npm working directory
48 silly gentlyRm containing path /usr/local is under npm's control, in /usr/local
49 silly gentlyRm deletion target /usr/local/bin/forever is under /usr/local
50 verbose gentlyRm vacuuming from /usr/local/bin/forever up to /usr/local
51 silly vacuum-fs removing /usr/local/bin/forever
52 silly vacuum-fs quitting because other entries in /usr/local/bin
53 info postuninstall forever@0.15.1
54 silly gentlyRm /usr/local/lib/node_modules/forever is being purged from base /usr/local
55 verbose gentlyRm don't care about contents; nuking /usr/local/lib/node_modules/forever
56 silly vacuum-fs purging /usr/local/lib/node_modules/forever
57 verbose unlock done using /Users/jhoansebastianlara/.npm/_locks/forever-ae9c3f2b6cc23ec5.lock for /usr/local/lib/node_modules/forever
58 verbose stack Error: EACCES: permission denied, rmdir '/usr/local/lib/node_modules/forever'
58 verbose stack     at Error (native)
59 verbose cwd /Users/jhoansebastianlara/Documents/jhoansebastianlara/engineer/kijho/projects/bmakmonitor/bmakMonitor/trunk/bmakMonitor
60 error Darwin 15.3.0
61 error argv "/usr/local/bin/node" "/usr/local/bin/npm" "install" "-g" "forever"
62 error node v4.2.2
63 error npm  v2.14.7
64 error path /usr/local/lib/node_modules/forever
65 error code EACCES
66 error errno -13
67 error syscall rmdir
68 error Error: EACCES: permission denied, rmdir '/usr/local/lib/node_modules/forever'
68 error     at Error (native)
68 error  { [Error: EACCES: permission denied, rmdir '/usr/local/lib/node_modules/forever']
68 error   errno: -13,
68 error   code: 'EACCES',
68 error   syscall: 'rmdir',
68 error   path: '/usr/local/lib/node_modules/forever' }
69 error Please try running this command again as root/Administrator.
70 verbose exit [ -13, true ]
71 verbose unbuild lib/node_modules/forever
72 info preuninstall forever@0.15.1
73 info uninstall forever@0.15.1
74 verbose unbuild rmStuff forever@0.15.1 from /usr/local/lib/node_modules
75 silly gentlyRm /usr/local/bin/forever is being gently removed
76 silly gentlyRm verifying /usr/local is an npm working directory
77 silly gentlyRm containing path /usr/local is under npm's control, in /usr/local
78 silly gentlyRm deletion target /usr/local/bin/forever is under /usr/local
79 verbose gentlyRm vacuuming from /usr/local/bin/forever up to /usr/local
80 info postuninstall forever@0.15.1
81 silly gentlyRm /usr/local/lib/node_modules/forever is being purged from base /usr/local
82 verbose gentlyRm don't care about contents; nuking /usr/local/lib/node_modules/forever
83 silly vacuum-fs purging /usr/local/lib/node_modules/forever
84 error error rolling back Error: EACCES: permission denied, rmdir '/usr/local/lib/node_modules/forever'
84 error error rolling back     at Error (native)
84 error error rolling back  { [Error: EACCES: permission denied, rmdir '/usr/local/lib/node_modules/forever']
84 error error rolling back   errno: -13,
84 error error rolling back   code: 'EACCES',
84 error error rolling back   syscall: 'rmdir',
84 error error rolling back   path: '/usr/local/lib/node_modules/forever' }
